<?xml version="1.0" encoding="UTF-8"?>
<testsuite xmlns:xsi="http://www.w3.org/2001/XMLSchema-instance" xsi:noNamespaceSchemaLocation="https://maven.apache.org/surefire/maven-surefire-plugin/xsd/surefire-test-report.xsd" version="3.0.2" name="com.michaelgroves.ledger_service.LedgerServiceApplicationTests" time="3.188" tests="1" errors="0" skipped="0" failures="0" flakes="0">
  <properties>
[...]
</properties>
  <testcase name="contextLoads" classname="com.michaelgroves.ledger_service.LedgerServiceApplicationTests" time="0.356">
    <system-out><![CDATA[18:12:36.424 [main] INFO org.springframework.test.context.support.AnnotationConfigContextLoaderUtils -- Could not detect default configuration classes for test class [com.michaelgroves.ledger_service.LedgerServiceApplicationTests]: LedgerServiceApplicationTests does not declare any static, non-private, non-final, nested classes annotated with @Configuration.
18:12:36.469 [main] INFO org.springframework.boot.test.context.SpringBootTestContextBootstrapper -- Found @SpringBootConfiguration com.michaelgroves.ledger_service.LedgerServiceApplication for test class com.michaelgroves.ledger_service.LedgerServiceApplicationTests
18:12:36.498 [main] INFO org.springframework.test.context.support.AnnotationConfigContextLoaderUtils -- Could not detect default configuration classes for test class [com.michaelgroves.ledger_service.LedgerServiceApplicationTests]: LedgerServiceApplicationTests does not declare any static, non-private, non-final, nested classes annotated with @Configuration.
18:12:36.499 [main] INFO org.springframework.boot.test.context.SpringBootTestContextBootstrapper -- Found @SpringBootConfiguration com.michaelgroves.ledger_service.LedgerServiceApplication for test class com.michaelgroves.ledger_service.LedgerServiceApplicationTests

  .   ____          _            __ _ _
 /\\ / ___'_ __ _ _(_)_ __  __ _ \ \ \ \
( ( )\___ | '_ | '_| | '_ \/ _` | \ \ \ \
 \\/  ___)| |_)| | | | | || (_| |  ) ) ) )
  '  |____| .__|_| |_|_| |_\__, | / / / /
 =========|_|==============|___/=/_/_/_/

 :: Spring Boot ::                (v4.1.1)

2026-08-22T18:12:36.637+01:00  INFO 8147 --- [ledger-service] [           main] c.m.l.LedgerServiceApplicationTests      : Starting LedgerServiceApplicationTests using Java 21.0.6 with PID 8147 (started by djura in /Users/djura/Projects/ledger-service)
2026-08-22T18:12:36.638+01:00  INFO 8147 --- [ledger-service] [           main] c.m.l.LedgerServiceApplicationTests      : No active profile set, falling back to 1 default profile: "default"
2026-08-22T18:12:37.003+01:00  INFO 8147 --- [ledger-service] [           main] org.testcontainers.images.PullPolicy     : Image pull policy will be performed by: DefaultPullPolicy()
2026-08-22T18:12:37.004+01:00  INFO 8147 --- [ledger-service] [           main] o.t.utility.ImageNameSubstitutor         : Image name substitution will be performed by: DefaultImageNameSubstitutor (composite of 'ConfigurationFileImageNameSubstitutor' and 'PrefixingImageNameSubstitutor')
2026-08-22T18:12:37.012+01:00  INFO 8147 --- [ledger-service] [           main] org.testcontainers.DockerClientFactory   : Testcontainers version: 2.0.5
2026-08-22T18:12:37.352+01:00  INFO 8147 --- [ledger-service] [           main] o.t.d.DockerClientProviderStrategy       : Found Docker environment with Environment variables, system properties and defaults. Resolved dockerHost=unix:///Users/djura/.rd/docker.sock
2026-08-22T18:12:37.352+01:00  INFO 8147 --- [ledger-service] [           main] org.testcontainers.DockerClientFactory   : Docker host IP address is localhost
2026-08-22T18:12:37.361+01:00  INFO 8147 --- [ledger-service] [           main] org.testcontainers.DockerClientFactory   : Connected to docker: 
  Server Version: 25.0.5
  API Version: 1.44
  Operating System: Alpine Linux v3.19
  Total Memory: 1907 MB
2026-08-22T18:12:37.362+01:00  WARN 8147 --- [ledger-service] [           main] o.testcontainers.utility.ResourceReaper  : 
********************************************************************************
Ryuk has been disabled. This can cause unexpected behavior in your environment.
********************************************************************************
2026-08-22T18:12:37.363+01:00  INFO 8147 --- [ledger-service] [           main] org.testcontainers.DockerClientFactory   : Checking the system...
2026-08-22T18:12:37.364+01:00  INFO 8147 --- [ledger-service] [           main] org.testcontainers.DockerClientFactory   : ✔︎ Docker server version should be at least 1.6.0
2026-08-22T18:12:37.371+01:00  INFO 8147 --- [ledger-service] [           main] tc.postgres:latest                       : Creating container for image: postgres:latest
2026-08-22T18:12:37.407+01:00  INFO 8147 --- [ledger-service] [           main] o.t.utility.RegistryAuthLocator          : Credential helper/store (docker-credential-osxkeychain) does not have credentials for https://index.docker.io/v1/
2026-08-22T18:12:37.456+01:00  INFO 8147 --- [ledger-service] [           main] tc.postgres:latest                       : Container postgres:latest is starting: e74a8854724fc8ddd5d7d0d32e323fbd50a02aeb926deb41a6f4773c313c5498
2026-08-22T18:12:38.587+01:00  INFO 8147 --- [ledger-service] [           main] tc.postgres:latest                       : Container postgres:latest started in PT1.215877S
2026-08-22T18:12:38.589+01:00  INFO 8147 --- [ledger-service] [           main] tc.postgres:latest                       : Container is started (JDBC URL: jdbc:postgresql://localhost:32778/test?loggerLevel=OFF)
2026-08-22T18:12:38.978+01:00  INFO 8147 --- [ledger-service] [           main] org.flywaydb.core.FlywayExecutor         : Database: jdbc:postgresql://localhost:32778/test?loggerLevel=OFF (PostgreSQL 18.6)
2026-08-22T18:12:38.996+01:00  INFO 8147 --- [ledger-service] [           main] o.f.c.i.s.JdbcTableSchemaHistory         : Schema history table "public"."flyway_schema_history" does not exist yet
2026-08-22T18:12:38.997+01:00  INFO 8147 --- [ledger-service] [           main] o.f.core.internal.command.DbValidate     : Successfully validated 0 migrations (execution time 00:00.004s)
2026-08-22T18:12:38.998+01:00  WARN 8147 --- [ledger-service] [           main] o.f.core.internal.command.DbValidate     : No migrations found. Are your locations set up correctly?
2026-08-22T18:12:39.009+01:00  INFO 8147 --- [ledger-service] [           main] o.f.c.i.s.JdbcTableSchemaHistory         : Creating Schema History table "public"."flyway_schema_history" ...
2026-08-22T18:12:39.046+01:00  INFO 8147 --- [ledger-service] [           main] o.f.core.internal.command.DbMigrate      : Current version of schema "public": << Empty Schema >>
2026-08-22T18:12:39.049+01:00  INFO 8147 --- [ledger-service] [           main] o.f.core.internal.command.DbMigrate      : Schema "public" is up to date. No migration necessary.
2026-08-22T18:12:39.121+01:00  INFO 8147 --- [ledger-service] [           main] o.s.b.a.e.web.EndpointLinksResolver      : Exposing 1 endpoint beneath base path '/actuator'
2026-08-22T18:12:39.142+01:00  INFO 8147 --- [ledger-service] [           main] c.m.l.LedgerServiceApplicationTests      : Started LedgerServiceApplicationTests in 2.615 seconds (process running for 3.213)
]]></system-out>
    <system-err><![CDATA[Mockito is currently self-attaching to enable the inline-mock-maker. This will no longer work in future releases of the JDK. Please add Mockito as an agent to your build as described in Mockito's documentation: https://javadoc.io/doc/org.mockito/mockito-core/latest/org.mockito/org/mockito/Mockito.html#0.3
WARNING: A Java agent has been loaded dynamically (/Users/djura/.m2/repository/net/bytebuddy/byte-buddy-agent/1.18.11/byte-buddy-agent-1.18.11.jar)
WARNING: If a serviceability tool is in use, please run with -XX:+EnableDynamicAgentLoading to hide this warning
WARNING: If a serviceability tool is not in use, please run with -Djdk.instrument.traceUsage for more information
WARNING: Dynamic loading of agents will be disallowed by default in a future release
]]></system-err>
  </testcase>
</testsuite>